lib/build/outputs/logs/manifest-merger-debug-report.txt
-- Merging decision tree log ---
manifest
ADDED from android/material/AndroidManifest.xml:16:1-20:12
INJECTED from android/material/AndroidManifest.xml:16:1-20:12
INJECTED from android/material/AndroidManifest.xml:16:1-20:12
	package
		ADDED from android/material/AndroidManifest.xml:17:5-42
		INJECTED from android/material/AndroidManifest.xml
		INJECTED from android/material/AndroidManifest.xml
	xmlns:android
		ADDED from android/material/AndroidManifest.xml:16:11-69
application
ADDED from android/material/AndroidManifest.xml:19:3-17
uses-sdk
INJECTED from android/material/AndroidManifest.xml reason: use-sdk injection requested
INJECTED from android/material/AndroidManifest.xml
INJECTED from android/material/AndroidManifest.xml
	android:minSdkVersion
		INJECTED from android/material/AndroidManifest.xml
		ADDED from android/material/AndroidManifest.xml
		INJECTED from android/material/AndroidManifest.xml